#
# There is insufficient memory for the Java Runtime Environment to continue.
# Native memory allocation (malloc) failed to allocate 68681728 bytes for committing reserved memory.
# Possible reasons:
#   The system is out of physical RAM or swap space
#   In 32 bit mode, the process size limit was hit
# Possible solutions:
#   Reduce memory load on the system
#   Increase physical memory or swap space
#   Check if swap backing store is full
#   Use 64 bit Java on a 64 bit OS
#   Decrease Java heap size (-Xmx/-Xms)
#   Decrease number of Java threads
#   Decrease Java thread stack sizes (-Xss)
#   Set larger code cache with -XX:ReservedCodeCacheSize=
# This output file may be truncated or incomplete.
#
#  Out of Memory Error (os_linux.cpp:2798), pid=30087, tid=139869169170176
#
# JRE version: OpenJDK Runtime Environment (7.0_65-b32) (build 1.7.0_65-b32)
# Java VM: OpenJDK 64-Bit Server VM (24.65-b04 mixed mode linux-amd64 compressed oops)
# Derivative: IcedTea 2.5.2
# Distribution: Custom build (Mon Sep 15 19:52:20 UTC 2014)
# Failed to write core dump. Core dumps have been disabled. To enable core dumping, try "ulimit -c unlimited" before starting Java again
#

---------------  T H R E A D  ---------------

Current thread (0x00007f35d813b000):  VMThread [stack: 0x00007f35d414b000,0x00007f35d424c000] [id=30093]

Stack: [0x00007f35d414b000,0x00007f35d424c000],  sp=0x00007f35d424a4c0,  free space=1021k
Native frames: (J=compiled Java code, j=interpreted, Vv=VM code, C=native code)
V  [libjvm.so+0x97b736]
V  [libjvm.so+0x48c2b2]
V  [libjvm.so+0x7ef5ab]
V  [libjvm.so+0x7e9d2e]
V  [libjvm.so+0x85baab]
V  [libjvm.so+0x84a2ea]
V  [libjvm.so+0x84a4a0]
V  [libjvm.so+0x84b438]
V  [libjvm.so+0x852a74]
V  [libjvm.so+0x8593d5]
V  [libjvm.so+0x811133]
V  [libjvm.so+0x97d002]
V  [libjvm.so+0x981877]
V  [libjvm.so+0x97fe6b]
V  [libjvm.so+0x980516]
V  [libjvm.so+0x9809e1]
V  [libjvm.so+0x7ec2b2]

VM_Operation (0x00007f35e222b030): ParallelGCFailedAllocation, mode: safepoint, requested by thread 0x00007f35d8008800


---------------  P R O C E S S  ---------------

Java Threads: ( => current thread )
  0x00007f35d858c000 JavaThread "process reaper" daemon [_thread_blocked, id=30167, stack(0x00007f35cdaa2000,0x00007f35cdadb000)]
  0x00007f35d8175800 JavaThread "Service Thread" daemon [_thread_blocked, id=30099, stack(0x00007f35cf484000,0x00007f35cf585000)]
  0x00007f35d8173000 JavaThread "C2 CompilerThread1" daemon [_thread_blocked, id=30098, stack(0x00007f35cf585000,0x00007f35cf686000)]
  0x00007f35d8170000 JavaThread "C2 CompilerThread0" daemon [_thread_blocked, id=30097, stack(0x00007f35cf686000,0x00007f35cf787000)]
  0x00007f35d816e000 JavaThread "Signal Dispatcher" daemon [_thread_blocked, id=30096, stack(0x00007f35cf787000,0x00007f35cf888000)]
  0x00007f35d8141000 JavaThread "Finalizer" daemon [_thread_blocked, id=30095, stack(0x00007f35cfeff000,0x00007f35d0000000)]
  0x00007f35d813f000 JavaThread "Reference Handler" daemon [_thread_blocked, id=30094, stack(0x00007f35d404a000,0x00007f35d414b000)]
  0x00007f35d8008800 JavaThread "main" [_thread_blocked, id=30088, stack(0x00007f35e2131000,0x00007f35e2232000)]

Other Threads:
=>0x00007f35d813b000 VMThread [stack: 0x00007f35d414b000,0x00007f35d424c000] [id=30093]
  0x00007f35d8180800 WatcherThread [stack: 0x00007f35cf383000,0x00007f35cf484000] [id=30100]

VM state:at safepoint (normal execution)

VM Mutex/Monitor currently owned by a thread:  ([mutex/lock_event])
[0x00007f35d8005c50] ExpandHeap_lock - owner thread: 0x00007f35d813b000
[0x00007f35d80062d0] Threads_lock - owner thread: 0x00007f35d813b000
[0x00007f35d80067d0] Heap_lock - owner thread: 0x00007f35d8008800

Heap
 PSYoungGen      total 321024K, used 0K [0x00000000eaa80000, 0x0000000100000000, 0x0000000100000000)
  eden space 292352K, 0% used [0x00000000eaa80000,0x00000000eaa80000,0x00000000fc800000)
  from space 28672K, 0% used [0x00000000fe400000,0x00000000fe400000,0x0000000100000000)
  to   space 28672K, 0% used [0x00000000fc800000,0x00000000fc800000,0x00000000fe400000)
 ParOldGen       total 90624K, used 90079K [0x00000000c0000000, 0x00000000c5880000, 0x00000000eaa80000)
  object space 90624K, 99% used [0x00000000c0000000,0x00000000c57f7c38,0x00000000c5880000)
 PSPermGen       total 21504K, used 20562K [0x00000000b5a00000, 0x00000000b6f00000, 0x00000000c0000000)
  object space 21504K, 95% used [0x00000000b5a00000,0x00000000b6e14bf0,0x00000000b6f00000)

Card table byte_map: [0x00007f35dc15e000,0x00007f35dc3b2000] byte_map_base: 0x00007f35dbbb1000

Polling page: 0x00007f35e226e000

Code Cache  [0x00007f35dc3b2000, 0x00007f35dc8b2000, 0x00007f35df3b2000)
 total_blobs=1737 nmethods=1415 adapters=275 free_code_cache=44145Kb largest_free_block=45129536

Compilation events (10 events):
Event: 208.748 Thread 0x00007f35d8170000 nmethod 1533 0x00007f35dc87e550 code [0x00007f35dc87e6a0, 0x00007f35dc87e728]
Event: 208.748 Thread 0x00007f35d8170000 1534             com.yahoo.platform.yui.compressor.ScriptOrFnScope::getIdentifier (12 bytes)
Event: 208.750 Thread 0x00007f35d8170000 nmethod 1534 0x00007f35dc8804d0 code [0x00007f35dc880620, 0x00007f35dc880708]
Event: 208.750 Thread 0x00007f35d8170000 1535             com.yahoo.platform.yui.compressor.JavaScriptIdentifier::getMungedValue (5 bytes)
Event: 208.751 Thread 0x00007f35d8170000 nmethod 1535 0x00007f35dc8802d0 code [0x00007f35dc880400, 0x00007f35dc880458]
Event: 208.751 Thread 0x00007f35d8170000 1536             com.yahoo.platform.yui.compressor.JavaScriptCompressor::getIdentifier (26 bytes)
Event: 208.756 Thread 0x00007f35d8170000 nmethod 1536 0x00007f35dc87ff10 code [0x00007f35dc880060, 0x00007f35dc880168]
Event: 208.756 Thread 0x00007f35d8170000 1537 %           com.yahoo.platform.yui.compressor.JavaScriptCompressor::printSymbolTree @ 46 (1590 bytes)
Event: 208.802 Thread 0x00007f35d8173000 nmethod 1532 0x00007f35dc8965d0 code [0x00007f35dc896780, 0x00007f35dc897078]
Event: 208.849 Thread 0x00007f35d8173000 1538             com.yahoo.platform.yui.compressor.JavaScriptCompressor::parse (270 bytes)

GC Heap History (10 events):
Event: 26.296 GC heap after
Heap after GC invocations=8 (full 0):
 PSYoungGen      total 274432K, used 12275K [0x00000000eaa80000, 0x00000000fda80000, 0x0000000100000000)
  eden space 262144K, 0% used [0x00000000eaa80000,0x00000000eaa80000,0x00000000faa80000)
  from space 12288K, 99% used [0x00000000fbe80000,0x00000000fca7ce48,0x00000000fca80000)
  to   space 20480K, 0% used [0x00000000faa80000,0x00000000faa80000,0x00000000fbe80000)
 ParOldGen       total 87552K, used 34112K [0x00000000c0000000, 0x00000000c5580000, 0x00000000eaa80000)
  object space 87552K, 38% used [0x00000000c0000000,0x00000000c21500b8,0x00000000c5580000)
 PSPermGen       total 21504K, used 18326K [0x00000000b5a00000, 0x00000000b6f00000, 0x00000000c0000000)
  object space 21504K, 85% used [0x00000000b5a00000,0x00000000b6be5af0,0x00000000b6f00000)
}
Event: 35.233 GC heap before
{Heap before GC invocations=9 (full 0):
 PSYoungGen      total 274432K, used 274419K [0x00000000eaa80000, 0x00000000fda80000, 0x0000000100000000)
  eden space 262144K, 100% used [0x00000000eaa80000,0x00000000faa80000,0x00000000faa80000)
  from space 12288K, 99% used [0x00000000fbe80000,0x00000000fca7ce48,0x00000000fca80000)
  to   space 20480K, 0% used [0x00000000faa80000,0x00000000faa80000,0x00000000fbe80000)
 ParOldGen       total 87552K, used 34112K [0x00000000c0000000, 0x00000000c5580000, 0x00000000eaa80000)
  object space 87552K, 38% used [0x00000000c0000000,0x00000000c21500b8,0x00000000c5580000)
 PSPermGen       total 21504K, used 18577K [0x00000000b5a00000, 0x00000000b6f00000, 0x00000000c0000000)
  object space 21504K, 86% used [0x00000000b5a00000,0x00000000b6c24590,0x00000000b6f00000)
Event: 35.462 GC heap after
Heap after GC invocations=9 (full 0):
 PSYoungGen      total 282624K, used 20450K [0x00000000eaa80000, 0x0000000100000000, 0x0000000100000000)
  eden space 262144K, 0% used [0x00000000eaa80000,0x00000000eaa80000,0x00000000faa80000)
  from space 20480K, 99% used [0x00000000faa80000,0x00000000fbe789a0,0x00000000fbe80000)
  to   space 27136K, 0% used [0x00000000fe580000,0x00000000fe580000,0x0000000100000000)
 ParOldGen       total 87552K, used 43104K [0x00000000c0000000, 0x00000000c5580000, 0x00000000eaa80000)
  object space 87552K, 49% used [0x00000000c0000000,0x00000000c2a182f8,0x00000000c5580000)
 PSPermGen       total 21504K, used 18577K [0x00000000b5a00000, 0x00000000b6f00000, 0x00000000c0000000)
  object space 21504K, 86% used [0x00000000b5a00000,0x00000000b6c24590,0x00000000b6f00000)
}
Event: 48.236 GC heap before
{Heap before GC invocations=10 (full 0):
 PSYoungGen      total 282624K, used 282594K [0x00000000eaa80000, 0x0000000100000000, 0x0000000100000000)
  eden space 262144K, 100% used [0x00000000eaa80000,0x00000000faa80000,0x00000000faa80000)
  from space 20480K, 99% used [0x00000000faa80000,0x00000000fbe789a0,0x00000000fbe80000)
  to   space 27136K, 0% used [0x00000000fe580000,0x00000000fe580000,0x0000000100000000)
 ParOldGen       total 87552K, used 43104K [0x00000000c0000000, 0x00000000c5580000, 0x00000000eaa80000)
  object space 87552K, 49% used [0x00000000c0000000,0x00000000c2a182f8,0x00000000c5580000)
 PSPermGen       total 21504K, used 19195K [0x00000000b5a00000, 0x00000000b6f00000, 0x00000000c0000000)
  object space 21504K, 89% used [0x00000000b5a00000,0x00000000b6cbee88,0x00000000b6f00000)
Event: 48.526 GC heap after
Heap after GC invocations=10 (full 0):
 PSYoungGen      total 322560K, used 15904K [0x00000000eaa80000, 0x0000000100000000, 0x0000000100000000)
  eden space 295424K, 0% used [0x00000000eaa80000,0x00000000eaa80000,0x00000000fcb00000)
  from space 27136K, 58% used [0x00000000fe580000,0x00000000ff508000,0x0000000100000000)
  to   space 27136K, 0% used [0x00000000fcb00000,0x00000000fcb00000,0x00000000fe580000)
 ParOldGen       total 87552K, used 53395K [0x00000000c0000000, 0x00000000c5580000, 0x00000000eaa80000)
  object space 87552K, 60% used [0x00000000c0000000,0x00000000c3424e80,0x00000000c5580000)
 PSPermGen       total 21504K, used 19195K [0x00000000b5a00000, 0x00000000b6f00000, 0x00000000c0000000)
  object space 21504K, 89% used [0x00000000b5a00000,0x00000000b6cbee88,0x00000000b6f00000)
}
Event: 57.165 GC heap before
{Heap before GC invocations=11 (full 0):
 PSYoungGen      total 322560K, used 311328K [0x00000000eaa80000, 0x0000000100000000, 0x0000000100000000)
  eden space 295424K, 100% used [0x00000000eaa80000,0x00000000fcb00000,0x00000000fcb00000)
  from space 27136K, 58% used [0x00000000fe580000,0x00000000ff508000,0x0000000100000000)
  to   space 27136K, 0% used [0x00000000fcb00000,0x00000000fcb00000,0x00000000fe580000)
 ParOldGen       total 87552K, used 53395K [0x00000000c0000000, 0x00000000c5580000, 0x00000000eaa80000)
  object space 87552K, 60% used [0x00000000c0000000,0x00000000c3424e80,0x00000000c5580000)
 PSPermGen       total 21504K, used 19317K [0x00000000b5a00000, 0x00000000b6f00000, 0x00000000c0000000)
  object space 21504K, 89% used [0x00000000b5a00000,0x00000000b6cdd450,0x00000000b6f00000)
Event: 58.224 GC heap after
Heap after GC invocations=11 (full 0):
 PSYoungGen      total 316928K, used 21319K [0x00000000eaa80000, 0x0000000100000000, 0x0000000100000000)
  eden space 295424K, 0% used [0x00000000eaa80000,0x00000000eaa80000,0x00000000fcb00000)
  from space 21504K, 99% used [0x00000000fcb00000,0x00000000fdfd1d48,0x00000000fe000000)
  to   space 28672K, 0% used [0x00000000fe400000,0x00000000fe400000,0x0000000100000000)
 ParOldGen       total 87552K, used 69032K [0x00000000c0000000, 0x00000000c5580000, 0x00000000eaa80000)
  object space 87552K, 78% used [0x00000000c0000000,0x00000000c436a3d0,0x00000000c5580000)
 PSPermGen       total 21504K, used 19317K [0x00000000b5a00000, 0x00000000b6f00000, 0x00000000c0000000)
  object space 21504K, 89% used [0x00000000b5a00000,0x00000000b6cdd450,0x00000000b6f00000)
}
Event: 208.859 GC heap before
{Heap before GC invocations=12 (full 0):
 PSYoungGen      total 316928K, used 316743K [0x00000000eaa80000, 0x0000000100000000, 0x0000000100000000)
  eden space 295424K, 100% used [0x00000000eaa80000,0x00000000fcb00000,0x00000000fcb00000)
  from space 21504K, 99% used [0x00000000fcb00000,0x00000000fdfd1d48,0x00000000fe000000)
  to   space 28672K, 0% used [0x00000000fe400000,0x00000000fe400000,0x0000000100000000)
 ParOldGen       total 87552K, used 69032K [0x00000000c0000000, 0x00000000c5580000, 0x00000000eaa80000)
  object space 87552K, 78% used [0x00000000c0000000,0x00000000c436a3d0,0x00000000c5580000)
 PSPermGen       total 21504K, used 20571K [0x00000000b5a00000, 0x00000000b6f00000, 0x00000000c0000000)
  object space 21504K, 95% used [0x00000000b5a00000,0x00000000b6e16da0,0x00000000b6f00000)
Event: 211.096 GC heap after
Heap after GC invocations=12 (full 0):
 PSYoungGen      total 321024K, used 17110K [0x00000000eaa80000, 0x0000000100000000, 0x0000000100000000)
  eden space 292352K, 0% used [0x00000000eaa80000,0x00000000eaa80000,0x00000000fc800000)
  from space 28672K, 59% used [0x00000000fe400000,0x00000000ff4b5ba0,0x0000000100000000)
  to   space 28672K, 0% used [0x00000000fc800000,0x00000000fc800000,0x00000000fe400000)
 ParOldGen       total 90624K, used 90292K [0x00000000c0000000, 0x00000000c5880000, 0x00000000eaa80000)
  object space 90624K, 99% used [0x00000000c0000000,0x00000000c582d3f0,0x00000000c5880000)
 PSPermGen       total 21504K, used 20571K [0x00000000b5a00000, 0x00000000b6f00000, 0x00000000c0000000)
  object space 21504K, 95% used [0x00000000b5a00000,0x00000000b6e16da0,0x00000000b6f00000)
}
Event: 211.323 GC heap before
{Heap before GC invocations=13 (full 1):
 PSYoungGen      total 321024K, used 17110K [0x00000000eaa80000, 0x0000000100000000, 0x0000000100000000)
  eden space 292352K, 0% used [0x00000000eaa80000,0x00000000eaa80000,0x00000000fc800000)
  from space 28672K, 59% used [0x00000000fe400000,0x00000000ff4b5ba0,0x0000000100000000)
  to   space 28672K, 0% used [0x00000000fc800000,0x00000000fc800000,0x00000000fe400000)
 ParOldGen       total 90624K, used 90292K [0x00000000c0000000, 0x00000000c5880000, 0x00000000eaa80000)
  object space 90624K, 99% used [0x00000000c0000000,0x00000000c582d3f0,0x00000000c5880000)
 PSPermGen       total 21504K, used 20571K [0x00000000b5a00000, 0x00000000b6f00000, 0x00000000c0000000)
  object space 21504K, 95% used [0x00000000b5a00000,0x00000000b6e16da0,0x00000000b6f00000)

Deoptimization events (10 events):
Event: 200.105 Thread 0x00007f35d8008800 Uncommon trap: reason=class_check action=maybe_recompile pc=0x00007f35dc72539c method=java.io.BufferedOutputStream.flushBuffer()V @ 20
Event: 200.105 Thread 0x00007f35d8008800 Uncommon trap: reason=class_check action=maybe_recompile pc=0x00007f35dc72539c method=java.io.BufferedOutputStream.flushBuffer()V @ 20
Event: 203.815 Thread 0x00007f35d8008800 Uncommon trap: reason=class_check action=maybe_recompile pc=0x00007f35dc4784dc method=sun.misc.URLClassPath.getLoader(I)Lsun/misc/URLClassPath$Loader; @ 94
Event: 204.598 Thread 0x00007f35d8008800 Uncommon trap: reason=unloaded action=reinterpret pc=0x00007f35dc8398d8 method=com.yahoo.platform.yui.compressor.JavaScriptCompressor.<clinit>()V @ 623
Event: 207.849 Thread 0x00007f35d8008800 Uncommon trap: reason=bimorphic action=maybe_recompile pc=0x00007f35dc48ebd4 method=java.util.Hashtable.get(Ljava/lang/Object;)Ljava/lang/Object; @ 46
Event: 207.850 Thread 0x00007f35d8008800 Uncommon trap: reason=bimorphic action=maybe_recompile pc=0x00007f35dc48ebd4 method=java.util.Hashtable.get(Ljava/lang/Object;)Ljava/lang/Object; @ 46
Event: 208.370 Thread 0x00007f35d8008800 Uncommon trap: reason=class_check action=maybe_recompile pc=0x00007f35dc837a00 method=java.util.ArrayList.batchRemove(Ljava/util/Collection;Z)Z @ 28
Event: 208.373 Thread 0x00007f35d8008800 Uncommon trap: reason=class_check action=maybe_recompile pc=0x00007f35dc837a00 method=java.util.ArrayList.batchRemove(Ljava/util/Collection;Z)Z @ 28
Event: 208.375 Thread 0x00007f35d8008800 Uncommon trap: reason=class_check action=maybe_recompile pc=0x00007f35dc837a00 method=java.util.ArrayList.batchRemove(Ljava/util/Collection;Z)Z @ 28
Event: 208.378 Thread 0x00007f35d8008800 Uncommon trap: reason=class_check action=maybe_recompile pc=0x00007f35dc837a00 method=java.util.ArrayList.batchRemove(Ljava/util/Collection;Z)Z @ 28

Internal exceptions (10 events):
Event: 203.103 Thread 0x00007f35d8008800 Threw 0x00000000f956f8b0 at /build/java7-openjdk/src/icedtea-2.5.2/openjdk/hotspot/src/share/vm/prims/jvm.cpp:1247
Event: 203.103 Thread 0x00007f35d8008800 Threw 0x00000000f956fc80 at /build/java7-openjdk/src/icedtea-2.5.2/openjdk/hotspot/src/share/vm/classfile/systemDictionary.cpp:185
Event: 203.104 Thread 0x00007f35d8008800 Threw 0x00000000f9572560 at /build/java7-openjdk/src/icedtea-2.5.2/openjdk/hotspot/src/share/vm/prims/jvm.cpp:1247
Event: 203.104 Thread 0x00007f35d8008800 Threw 0x00000000f95770c8 at /build/java7-openjdk/src/icedtea-2.5.2/openjdk/hotspot/src/share/vm/prims/jvm.cpp:1247
Event: 203.104 Thread 0x00007f35d8008800 Threw 0x00000000f9577d40 at /build/java7-openjdk/src/icedtea-2.5.2/openjdk/hotspot/src/share/vm/prims/jvm.cpp:1247
Event: 203.105 Thread 0x00007f35d8008800 Threw 0x00000000f957caa8 at /build/java7-openjdk/src/icedtea-2.5.2/openjdk/hotspot/src/share/vm/prims/jvm.cpp:1247
Event: 203.105 Thread 0x00007f35d8008800 Threw 0x00000000f957ec90 at /build/java7-openjdk/src/icedtea-2.5.2/openjdk/hotspot/src/share/vm/prims/jvm.cpp:1247
Event: 203.105 Thread 0x00007f35d8008800 Threw 0x00000000f957f058 at /build/java7-openjdk/src/icedtea-2.5.2/openjdk/hotspot/src/share/vm/classfile/systemDictionary.cpp:185
Event: 203.650 Thread 0x00007f35d8008800 Threw 0x00000000f95a17a8 at /build/java7-openjdk/src/icedtea-2.5.2/openjdk/hotspot/src/share/vm/prims/jvm.cpp:1247
Event: 204.142 Thread 0x00007f35d8008800 Threw 0x00000000f9622e90 at /build/java7-openjdk/src/icedtea-2.5.2/openjdk/hotspot/src/share/vm/prims/jvm.cpp:1247

Events (10 events):
Event: 208.373 Thread 0x00007f35d8008800 Uncommon trap: trap_request=0xffffffde fr.pc=0x00007f35dc837a00
Event: 208.373 Thread 0x00007f35d8008800 DEOPT PACKING pc=0x00007f35dc837a00 sp=0x00007f35e222c8a0
Event: 208.373 Thread 0x00007f35d8008800 DEOPT UNPACKING pc=0x00007f35dc3eb045 sp=0x00007f35e222c888 mode 2
Event: 208.375 Thread 0x00007f35d8008800 Uncommon trap: trap_request=0xffffffde fr.pc=0x00007f35dc837a00
Event: 208.375 Thread 0x00007f35d8008800 DEOPT PACKING pc=0x00007f35dc837a00 sp=0x00007f35e222c8a0
Event: 208.375 Thread 0x00007f35d8008800 DEOPT UNPACKING pc=0x00007f35dc3eb045 sp=0x00007f35e222c888 mode 2
Event: 208.378 Thread 0x00007f35d8008800 Uncommon trap: trap_request=0xffffffde fr.pc=0x00007f35dc837a00
Event: 208.378 Thread 0x00007f35d8008800 DEOPT PACKING pc=0x00007f35dc837a00 sp=0x00007f35e222c8a0
Event: 208.378 Thread 0x00007f35d8008800 DEOPT UNPACKING pc=0x00007f35dc3eb045 sp=0x00007f35e222c888 mode 2
Event: 208.859 Executing VM operation: ParallelGCFailedAllocation


Dynamic libraries:
00400000-00401000 r-xp 00000000 08:01 1394325                            /usr/lib/jvm/java-7-openjdk/jre/bin/java
00600000-00601000 rw-p 00000000 08:01 1394325                            /usr/lib/jvm/java-7-openjdk/jre/bin/java
022aa000-02307000 rw-p 00000000 00:00 0                                  [heap]
b5a00000-b6f00000 rw-p 00000000 00:00 0 
b6f00000-c0000000 rw-p 00000000 00:00 0 
c0000000-c5880000 rw-p 00000000 00:00 0 
c9a00000-eaa80000 rw-p 00000000 00:00 0 
eaa80000-100000000 rw-p 00000000 00:00 0 
7f3598000000-7f3598021000 rw-p 00000000 00:00 0 
7f3598021000-7f359c000000 ---p 00000000 00:00 0 
7f359c000000-7f359c021000 rw-p 00000000 00:00 0 
7f359c021000-7f35a0000000 ---p 00000000 00:00 0 
7f35a0000000-7f35a0021000 rw-p 00000000 00:00 0 
7f35a0021000-7f35a4000000 ---p 00000000 00:00 0 
7f35a4000000-7f35a4021000 rw-p 00000000 00:00 0 
7f35a4021000-7f35a8000000 ---p 00000000 00:00 0 
7f35a8000000-7f35a9adb000 rw-p 00000000 00:00 0 
7f35a9adb000-7f35ac000000 ---p 00000000 00:00 0 
7f35ac000000-7f35ad2ec000 rw-p 00000000 00:00 0 
7f35ad2ec000-7f35b0000000 ---p 00000000 00:00 0 
7f35b0000000-7f35b0021000 rw-p 00000000 00:00 0 
7f35b0021000-7f35b4000000 ---p 00000000 00:00 0 
7f35b4000000-7f35b4021000 rw-p 00000000 00:00 0 
7f35b4021000-7f35b8000000 ---p 00000000 00:00 0 
7f35b8000000-7f35b8041000 rw-p 00000000 00:00 0 
7f35b8041000-7f35bc000000 ---p 00000000 00:00 0 
7f35bc000000-7f35bc021000 rw-p 00000000 00:00 0 
7f35bc021000-7f35c0000000 ---p 00000000 00:00 0 
7f35c0000000-7f35c0021000 rw-p 00000000 00:00 0 
7f35c0021000-7f35c4000000 ---p 00000000 00:00 0 
7f35c4000000-7f35c4021000 rw-p 00000000 00:00 0 
7f35c4021000-7f35c8000000 ---p 00000000 00:00 0 
7f35c8000000-7f35c8021000 rw-p 00000000 00:00 0 
7f35c8021000-7f35cc000000 ---p 00000000 00:00 0 
7f35cd9a1000-7f35cd9a4000 ---p 00000000 00:00 0 
7f35cd9a4000-7f35cdaa2000 rw-p 00000000 00:00 0 
7f35cdaa2000-7f35cdaa5000 ---p 00000000 00:00 0 
7f35cdaa5000-7f35cdadb000 rw-p 00000000 00:00 0                          [stack:30167]
7f35cdadb000-7f35cdaef000 r-xp 00000000 08:01 1328131                    /usr/lib/libresolv-2.20.so
7f35cdaef000-7f35cdcee000 ---p 00014000 08:01 1328131                    /usr/lib/libresolv-2.20.so
7f35cdcee000-7f35cdcef000 r--p 00013000 08:01 1328131                    /usr/lib/libresolv-2.20.so
7f35cdcef000-7f35cdcf0000 rw-p 00014000 08:01 1328131                    /usr/lib/libresolv-2.20.so
7f35cdcf0000-7f35cdcf2000 rw-p 00000000 00:00 0 
7f35cdcf2000-7f35cdd5b000 r-xp 00000000 08:01 1318957                    /usr/lib/libpcre.so.1.2.3
7f35cdd5b000-7f35cdf5a000 ---p 00069000 08:01 1318957                    /usr/lib/libpcre.so.1.2.3
7f35cdf5a000-7f35cdf5b000 r--p 00068000 08:01 1318957                    /usr/lib/libpcre.so.1.2.3
7f35cdf5b000-7f35cdf5c000 rw-p 00069000 08:01 1318957                    /usr/lib/libpcre.so.1.2.3
7f35cdf5c000-7f35cdf5f000 r-xp 00000000 08:01 1320436                    /usr/lib/libgmodule-2.0.so.0.4000.0
7f35cdf5f000-7f35ce15e000 ---p 00003000 08:01 1320436                    /usr/lib/libgmodule-2.0.so.0.4000.0
7f35ce15e000-7f35ce15f000 r--p 00002000 08:01 1320436                    /usr/lib/libgmodule-2.0.so.0.4000.0
7f35ce15f000-7f35ce160000 rw-p 00003000 08:01 1320436                    /usr/lib/libgmodule-2.0.so.0.4000.0
7f35ce160000-7f35ce167000 r-xp 00000000 08:01 1318432                    /usr/lib/libffi.so.6.0.2
7f35ce167000-7f35ce366000 ---p 00007000 08:01 1318432                    /usr/lib/libffi.so.6.0.2
7f35ce366000-7f35ce367000 r--p 00006000 08:01 1318432                    /usr/lib/libffi.so.6.0.2
7f35ce367000-7f35ce368000 rw-p 00007000 08:01 1318432                    /usr/lib/libffi.so.6.0.2
7f35ce368000-7f35ce470000 r-xp 00000000 08:01 1320417                    /usr/lib/libglib-2.0.so.0.4000.0
7f35ce470000-7f35ce66f000 ---p 00108000 08:01 1320417                    /usr/lib/libglib-2.0.so.0.4000.0
7f35ce66f000-7f35ce670000 r--p 00107000 08:01 1320417                    /usr/lib/libglib-2.0.so.0.4000.0
7f35ce670000-7f35ce671000 rw-p 00108000 08:01 1320417                    /usr/lib/libglib-2.0.so.0.4000.0
7f35ce671000-7f35ce672000 rw-p 00000000 00:00 0 
7f35ce672000-7f35ce6c1000 r-xp 00000000 08:01 1320447                    /usr/lib/libgobject-2.0.so.0.4000.0
7f35ce6c1000-7f35ce8c1000 ---p 0004f000 08:01 1320447                    /usr/lib/libgobject-2.0.so.0.4000.0
7f35ce8c1000-7f35ce8c2000 r--p 0004f000 08:01 1320447                    /usr/lib/libgobject-2.0.so.0.4000.0
7f35ce8c2000-7f35ce8c3000 rw-p 00050000 08:01 1320447                    /usr/lib/libgobject-2.0.so.0.4000.0
7f35ce8c3000-7f35cea30000 r-xp 00000000 08:01 1320659                    /usr/lib/libgio-2.0.so.0.4000.0
7f35cea30000-7f35cec30000 ---p 0016d000 08:01 1320659                    /usr/lib/libgio-2.0.so.0.4000.0
7f35cec30000-7f35cec34000 r--p 0016d000 08:01 1320659                    /usr/lib/libgio-2.0.so.0.4000.0
7f35cec34000-7f35cec36000 rw-p 00171000 08:01 1320659                    /usr/lib/libgio-2.0.so.0.4000.0
7f35cec36000-7f35cec38000 rw-p 00000000 00:00 0 
7f35cec40000-7f35cec41000 rw-p 00000000 00:00 0 
7f35cec41000-7f35cec55000 r--p 00000000 08:01 1311039                    /usr/share/locale/zh_CN/LC_MESSAGES/libc.mo
7f35cec55000-7f35cec62000 r--s 0010f000 08:01 1354391                    /usr/lib/jvm/java-7-openjdk/jre/lib/rhino.jar
7f35cec62000-7f35cec6b000 r--s 000b9000 08:01 1354389                    /usr/lib/jvm/java-7-openjdk/jre/lib/resources.jar
7f35cec6b000-7f35cec6d000 r--s 00007000 08:02 6828311                    /home/jack/bin/Sencha/Cmd/5.0.3.324/extensions/sencha-compass/sencha-compass.jar
7f35cec6d000-7f35cec70000 r--s 0001e000 08:02 6828340                    /home/jack/bin/Sencha/Cmd/5.0.3.324/extensions/sencha-service/sencha-service.jar
7f35cec70000-7f35cec71000 r--s 00002000 08:02 6828537                    /home/jack/bin/Sencha/Cmd/5.0.3.324/extensions/sencha-fashion/sencha-fashion.jar
7f35cec71000-7f35cec87000 r-xp 00000000 08:01 1394293                    /usr/lib/jvm/java-7-openjdk/jre/lib/amd64/libnet.so
7f35cec87000-7f35cee87000 ---p 00016000 08:01 1394293                    /usr/lib/jvm/java-7-openjdk/jre/lib/amd64/libnet.so
7f35cee87000-7f35cee88000 rw-p 00016000 08:01 1394293                    /usr/lib/jvm/java-7-openjdk/jre/lib/amd64/libnet.so
7f35cee88000-7f35cee98000 r-xp 00000000 08:01 1394294                    /usr/lib/jvm/java-7-openjdk/jre/lib/amd64/libnio.so
7f35cee98000-7f35cf098000 ---p 00010000 08:01 1394294                    /usr/lib/jvm/java-7-openjdk/jre/lib/amd64/libnio.so
7f35cf098000-7f35cf099000 rw-p 00010000 08:01 1394294                    /usr/lib/jvm/java-7-openjdk/jre/lib/amd64/libnio.so
7f35cf099000-7f35cf09a000 r-xp 00000000 00:1e 50190                      /tmp/libjansi-64-1.9.so
7f35cf09a000-7f35cf299000 ---p 00001000 00:1e 50190                      /tmp/libjansi-64-1.9.so
7f35cf299000-7f35cf29a000 rw-p 00000000 00:1e 50190                      /tmp/libjansi-64-1.9.so
7f35cf29a000-7f35cf29e000 r--s 00085000 08:01 1394283                    /usr/lib/jvm/java-7-openjdk/jre/lib/ext/localedata.jar
7f35cf29e000-7f35cf2a8000 r--s 000d0000 08:02 6831114                    /home/jack/bin/Sencha/Cmd/5.0.3.324/lib/yuicompressor-2.4.7.jar
7f35cf2a8000-7f35cf2b0000 r--s 00066000 08:02 6831115                    /home/jack/bin/Sencha/Cmd/5.0.3.324/lib/velocity-1.7.jar
7f35cf2b0000-7f35cf2b2000 r--s 00001000 08:02 6830644                    /home/jack/bin/Sencha/Cmd/5.0.3.324/lib/slf4j-jdk14-1.6.6.jar
7f35cf2b2000-7f35cf2b4000 r--s 00005000 08:02 6830648                    /home/jack/bin/Sencha/Cmd/5.0.3.324/lib/slf4j-api-1.7.2.jar
7f35cf2b4000-7f35cf2b6000 r--s 00005000 08:02 6830645                    /home/jack/bin/Sencha/Cmd/5.0.3.324/lib/slf4j-api-1.6.6.jar
7f35cf2b6000-7f35cf2c3000 r--s 00109000 08:02 6831122                    /home/jack/bin/Sencha/Cmd/5.0.3.324/lib/rhino-1.7R4.jar
7f35cf2c3000-7f35cf2c9000 r--s 00068000 08:02 6831120                    /home/jack/bin/Sencha/Cmd/5.0.3.324/lib/protobuf-java-2.4.1.jar
7f35cf2c9000-7f35cf2ce000 r--s 00054000 08:02 6831116                    /home/jack/bin/Sencha/Cmd/5.0.3.324/lib/phloc-css-3.4.0.jar
7f35cf2ce000-7f35cf2f4000 r--s 00163000 08:02 6831118                    /home/jack/bin/Sencha/Cmd/5.0.3.324/lib/phloc-commons-4.0.1.jar
7f35cf2f4000-7f35cf2f6000 r--s 00006000 08:02 6830649                    /home/jack/bin/Sencha/Cmd/5.0.3.324/lib/jsr305-2.0.1.jar
7f35cf2f6000-7f35cf2f8000 r--s 0000a000 08:02 6830397                    /home/jack/bin/Sencha/Cmd/5.0.3.324/lib/json-20090211.jar
7f35cf2f8000-7f35cf2fc000 r--s 000dc000 08:02 6831119                    /home/jack/bin/Sencha/Cmd/5.0.3.324/lib/jna-4.1.0.jar
7f35cf2fc000-7f35cf2ff000 r--s 00018000 08:02 6830412                    /home/jack/bin/Sencha/Cmd/5.0.3.324/lib/jetty-webapp-8.1.7.v20120910.jar
7f35cf2ff000-7f35cf304000 r--s 00040000 08:02 6831113                    /home/jack/bin/Sencha/Cmd/5.0.3.324/lib/jetty-util-8.1.7.v20120910.jar
7f35cf304000-7f35cf306000 r--s 00014000 08:02 6830411                    /home/jack/bin/Sencha/Cmd/5.0.3.324/lib/jetty-servlets-8.1.7.v20120910.jar
7f35cf306000-7f35cf308000 r--s 00016000 08:02 6830404                    /home/jack/bin/Sencha/Cmd/5.0.3.324/lib/jetty-servlet-8.1.7.v20120910.jar
7f35cf308000-7f35cf30e000 r--s 0004d000 08:02 6831121                    /home/jack/bin/Sencha/Cmd/5.0.3.324/lib/jetty-server-8.1.7.v20120910.jar
7f35cf30e000-7f35cf311000 r--s 00013000 08:02 6830401                    /home/jack/bin/Sencha/Cmd/5.0.3.324/lib/jetty-security-8.1.7.v20120910.jar
7f35cf311000-7f35cf314000 r--s 00017000 08:02 6830398                    /home/jack/bin/Sencha/Cmd/5.0.3.324/lib/jetty-io-8.1.7.v20120910.jar
7f35cf314000-7f35cf316000 r--s 00015000 08:02 6830402                    /home/jack/bin/Sencha/Cmd/5.0.3.324/lib/jetty-http-8.1.7.v20120910.jar
7f35cf316000-7f35cf318000 r--s 00004000 08:02 6830647                    /home/jack/bin/Sencha/Cmd/5.0.3.324/lib/jetty-continuation-8.1.7.v20120910.jar
7f35cf318000-7f35cf31a000 r--s 00014000 08:02 6830409                    /home/jack/bin/Sencha/Cmd/5.0.3.324/lib/jetty-client-8.1.7.v20120910.jar
7f35cf31a000-7f35cf343000 r--s 001ee000 08:02 6831117                    /home/jack/bin/Sencha/Cmd/5.0.3.324/lib/guava-14.0.jar
7f35cf343000-7f35cf351000 r--s 0007f000 08:02 6831112                    /home/jack/bin/Sencha/Cmd/5.0.3.324/lib/commons-collections-3.2.1.jar
7f35cf351000-7f35cf383000 r--s 0031c000 08:02 6831124                    /home/jack/bin/Sencha/Cmd/5.0.3.324/lib/closure-compiler-r2388.jar
7f35cf383000-7f35cf384000 ---p 00000000 00:00 0 
7f35cf384000-7f35cf484000 rw-p 00000000 00:00 0                          [stack:30100]
7f35cf484000-7f35cf487000 ---p 00000000 00:00 0 
7f35cf487000-7f35cf585000 rw-p 00000000 00:00 0                          [stack:30099]
7f35cf585000-7f35cf588000 ---p 00000000 00:00 0 
7f35cf588000-7f35cf686000 rw-p 00000000 00:00 0                          [stack:30098]
7f35cf686000-7f35cf689000 ---p 00000000 00:00 0 
7f35cf689000-7f35cf787000 rw-p 00000000 00:00 0                          [stack:30097]
7f35cf787000-7f35cf78a000 ---p 00000000 00:00 0 
7f35cf78a000-7f35cf888000 rw-p 00000000 00:00 0                          [stack:30096]
7f35cf888000-7f35cfeff000 r--p 00000000 08:01 1353402                    /usr/lib/locale/locale-archive
7f35cfeff000-7f35cff02000 ---p 00000000 00:00 0 
7f35cff02000-7f35d0000000 rw-p 00000000 00:00 0                          [stack:30095]
7f35d0000000-7f35d0021000 rw-p 00000000 00:00 0 
7f35d0021000-7f35d4000000 ---p 00000000 00:00 0 
7f35d4000000-7f35d4003000 r--s 0002e000 08:02 6830406                    /home/jack/bin/Sencha/Cmd/5.0.3.324/lib/javax.servlet-3.0.0.v201112011016.jar
7f35d4003000-7f35d4008000 r--s 0002a000 08:02 6830403                    /home/jack/bin/Sencha/Cmd/5.0.3.324/lib/gson-2.2.4.jar
7f35d4008000-7f35d4026000 r--s 001bd000 08:02 6831123                    /home/jack/bin/Sencha/Cmd/5.0.3.324/lib/ant-1.8.4.jar
7f35d4026000-7f35d404a000 r--s 00427000 08:02 6831109                    /home/jack/bin/Sencha/Cmd/5.0.3.324/sencha.jar
7f35d404a000-7f35d404d000 ---p 00000000 00:00 0 
7f35d404d000-7f35d414b000 rw-p 00000000 00:00 0                          [stack:30094]
7f35d414b000-7f35d414c000 ---p 00000000 00:00 0 
7f35d414c000-7f35d51a4000 rw-p 00000000 00:00 0                          [stack:30093]
7f35d51a4000-7f35d5355000 r--s 01d21000 08:01 1354388                    /usr/lib/jvm/java-7-openjdk/jre/lib/rt.jar
7f35d5355000-7f35d7ba9000 rw-p 00000000 00:00 0 
7f35d7ba9000-7f35d7baa000 ---p 00000000 00:00 0 
7f35d7baa000-7f35d7caa000 rw-p 00000000 00:00 0                          [stack:30092]
7f35d7caa000-7f35d7cab000 ---p 00000000 00:00 0 
7f35d7cab000-7f35d7dab000 rw-p 00000000 00:00 0                          [stack:30091]
7f35d7dab000-7f35d7dac000 ---p 00000000 00:00 0 
7f35d7dac000-7f35d7eac000 rw-p 00000000 00:00 0                          [stack:30090]
7f35d7eac000-7f35d7ead000 ---p 00000000 00:00 0 
7f35d7ead000-7f35d7fb8000 rw-p 00000000 00:00 0                          [stack:30089]
7f35d7fb8000-7f35d8885000 rw-p 00000000 00:00 0 
7f35d8885000-7f35dc000000 ---p 00000000 00:00 0 
7f35dc000000-7f35dc001000 r--s 00002000 08:02 6830643                    /home/jack/bin/Sencha/Cmd/5.0.3.324/lib/xfiledialog.jar
7f35dc001000-7f35dc004000 r--s 00019000 08:02 6830400                    /home/jack/bin/Sencha/Cmd/5.0.3.324/lib/jarjar-1.1.jar
7f35dc004000-7f35dc008000 r--s 0003c000 08:02 6830405                    /home/jack/bin/Sencha/Cmd/5.0.3.324/lib/commons-lang-2.4.jar
7f35dc008000-7f35dc035000 rw-p 00000000 00:00 0 
7f35dc035000-7f35dc15e000 rw-p 00000000 00:00 0 
7f35dc15e000-7f35dc169000 rw-p 00000000 00:00 0 
7f35dc169000-7f35dc1b1000 rw-p 00000000 00:00 0 
7f35dc1b1000-7f35dc1de000 rw-p 00000000 00:00 0 
7f35dc1de000-7f35dc306000 rw-p 00000000 00:00 0 
7f35dc306000-7f35dc3b1000 rw-p 00000000 00:00 0 
7f35dc3b1000-7f35dc3b2000 rw-p 00000000 00:00 0 
7f35dc3b2000-7f35dc8b2000 rwxp 00000000 00:00 0 
7f35dc8b2000-7f35df3b2000 rw-p 00000000 00:00 0 
7f35df3b2000-7f35df3ba000 r-xp 00000000 08:01 1394292                    /usr/lib/jvm/java-7-openjdk/jre/lib/amd64/libzip.so
7f35df3ba000-7f35df5b9000 ---p 00008000 08:01 1394292                    /usr/lib/jvm/java-7-openjdk/jre/lib/amd64/libzip.so
7f35df5b9000-7f35df5ba000 rw-p 00007000 08:01 1394292                    /usr/lib/jvm/java-7-openjdk/jre/lib/amd64/libzip.so
7f35df5ba000-7f35df5c5000 r-xp 00000000 08:01 1328132                    /usr/lib/libnss_files-2.20.so
7f35df5c5000-7f35df7c5000 ---p 0000b000 08:01 1328132                    /usr/lib/libnss_files-2.20.so
7f35df7c5000-7f35df7c6000 r--p 0000b000 08:01 1328132                    /usr/lib/libnss_files-2.20.so
7f35df7c6000-7f35df7c7000 rw-p 0000c000 08:01 1328132                    /usr/lib/libnss_files-2.20.so
7f35df7c7000-7f35df7f3000 r-xp 00000000 08:01 1394291                    /usr/lib/jvm/java-7-openjdk/jre/lib/amd64/libjava.so
7f35df7f3000-7f35df9f2000 ---p 0002c000 08:01 1394291                    /usr/lib/jvm/java-7-openjdk/jre/lib/amd64/libjava.so
7f35df9f2000-7f35df9f4000 rw-p 0002b000 08:01 1394291                    /usr/lib/jvm/java-7-openjdk/jre/lib/amd64/libjava.so
7f35df9f4000-7f35dfa01000 r-xp 00000000 08:01 1394290                    /usr/lib/jvm/java-7-openjdk/jre/lib/amd64/libverify.so
7f35dfa01000-7f35dfc00000 ---p 0000d000 08:01 1394290                    /usr/lib/jvm/java-7-openjdk/jre/lib/amd64/libverify.so
7f35dfc00000-7f35dfc02000 rw-p 0000c000 08:01 1394290                    /usr/lib/jvm/java-7-openjdk/jre/lib/amd64/libverify.so
7f35dfc02000-7f35dfc09000 r-xp 00000000 08:01 1352404                    /usr/lib/librt-2.20.so
7f35dfc09000-7f35dfe08000 ---p 00007000 08:01 1352404                    /usr/lib/librt-2.20.so
7f35dfe08000-7f35dfe09000 r--p 00006000 08:01 1352404                    /usr/lib/librt-2.20.so
7f35dfe09000-7f35dfe0a000 rw-p 00007000 08:01 1352404                    /usr/lib/librt-2.20.so
7f35dfe0a000-7f35dfe20000 r-xp 00000000 08:01 1320426                    /usr/lib/libgcc_s.so.1
7f35dfe20000-7f35e001f000 ---p 00016000 08:01 1320426                    /usr/lib/libgcc_s.so.1
7f35e001f000-7f35e0020000 rw-p 00015000 08:01 1320426                    /usr/lib/libgcc_s.so.1
7f35e0020000-7f35e0123000 r-xp 00000000 08:01 1352386                    /usr/lib/libm-2.20.so
7f35e0123000-7f35e0323000 ---p 00103000 08:01 1352386                    /usr/lib/libm-2.20.so
7f35e0323000-7f35e0324000 r--p 00103000 08:01 1352386                    /usr/lib/libm-2.20.so
7f35e0324000-7f35e0325000 rw-p 00104000 08:01 1352386                    /usr/lib/libm-2.20.so
7f35e0325000-7f35e0415000 r-xp 00000000 08:01 1329067                    /usr/lib/libstdc++.so.6.0.20
7f35e0415000-7f35e0615000 ---p 000f0000 08:01 1329067                    /usr/lib/libstdc++.so.6.0.20
7f35e0615000-7f35e061d000 r--p 000f0000 08:01 1329067                    /usr/lib/libstdc++.so.6.0.20
7f35e061d000-7f35e061f000 rw-p 000f8000 08:01 1329067                    /usr/lib/libstdc++.so.6.0.20
7f35e061f000-7f35e0634000 rw-p 00000000 00:00 0 
7f35e0634000-7f35e117c000 r-xp 00000000 08:01 1394324                    /usr/lib/jvm/java-7-openjdk/jre/lib/amd64/server/libjvm.so
7f35e117c000-7f35e137b000 ---p 00b48000 08:01 1394324                    /usr/lib/jvm/java-7-openjdk/jre/lib/amd64/server/libjvm.so
7f35e137b000-7f35e143d000 rw-p 00b47000 08:01 1394324                    /usr/lib/jvm/java-7-openjdk/jre/lib/amd64/server/libjvm.so
7f35e143d000-7f35e1469000 rw-p 00000000 00:00 0 
7f35e1469000-7f35e147e000 r-xp 00000000 08:01 1317059                    /usr/lib/libz.so.1.2.8
7f35e147e000-7f35e167d000 ---p 00015000 08:01 1317059                    /usr/lib/libz.so.1.2.8
7f35e167d000-7f35e167e000 r--p 00014000 08:01 1317059                    /usr/lib/libz.so.1.2.8
7f35e167e000-7f35e167f000 rw-p 00015000 08:01 1317059                    /usr/lib/libz.so.1.2.8
7f35e167f000-7f35e1818000 r-xp 00000000 08:01 1352387                    /usr/lib/libc-2.20.so
7f35e1818000-7f35e1a18000 ---p 00199000 08:01 1352387                    /usr/lib/libc-2.20.so
7f35e1a18000-7f35e1a1c000 r--p 00199000 08:01 1352387                    /usr/lib/libc-2.20.so
7f35e1a1c000-7f35e1a1e000 rw-p 0019d000 08:01 1352387                    /usr/lib/libc-2.20.so
7f35e1a1e000-7f35e1a22000 rw-p 00000000 00:00 0 
7f35e1a22000-7f35e1a25000 r-xp 00000000 08:01 1328130                    /usr/lib/libdl-2.20.so
7f35e1a25000-7f35e1c24000 ---p 00003000 08:01 1328130                    /usr/lib/libdl-2.20.so
7f35e1c24000-7f35e1c25000 r--p 00002000 08:01 1328130                    /usr/lib/libdl-2.20.so
7f35e1c25000-7f35e1c26000 rw-p 00003000 08:01 1328130                    /usr/lib/libdl-2.20.so
7f35e1c26000-7f35e1c33000 r-xp 00000000 08:01 1394320                    /usr/lib/jvm/java-7-openjdk/jre/lib/amd64/jli/libjli.so
7f35e1c33000-7f35e1e32000 ---p 0000d000 08:01 1394320                    /usr/lib/jvm/java-7-openjdk/jre/lib/amd64/jli/libjli.so
7f35e1e32000-7f35e1e33000 rw-p 0000c000 08:01 1394320                    /usr/lib/jvm/java-7-openjdk/jre/lib/amd64/jli/libjli.so
7f35e1e33000-7f35e1e4a000 r-xp 00000000 08:01 1328138                    /usr/lib/libpthread-2.20.so
7f35e1e4a000-7f35e2049000 ---p 00017000 08:01 1328138                    /usr/lib/libpthread-2.20.so
7f35e2049000-7f35e204a000 r--p 00016000 08:01 1328138                    /usr/lib/libpthread-2.20.so
7f35e204a000-7f35e204b000 rw-p 00017000 08:01 1328138                    /usr/lib/libpthread-2.20.so
7f35e204b000-7f35e204f000 rw-p 00000000 00:00 0 
7f35e204f000-7f35e2071000 r-xp 00000000 08:01 1328134                    /usr/lib/ld-2.20.so
7f35e2071000-7f35e2085000 rw-p 00000000 00:00 0 
7f35e2085000-7f35e2131000 rw-p 00000000 00:00 0 
7f35e2131000-7f35e2134000 ---p 00000000 00:00 0 
7f35e2134000-7f35e2236000 rw-p 00000000 00:00 0                          [stack:30088]
7f35e2236000-7f35e2237000 r--s 00009000 08:02 6830407                    /home/jack/bin/Sencha/Cmd/5.0.3.324/lib/jetty-xml-8.1.7.v20120910.jar
7f35e2237000-7f35e2239000 r--s 0001a000 08:02 6830408                    /home/jack/bin/Sencha/Cmd/5.0.3.324/lib/jansi-1.9.jar
7f35e2239000-7f35e223d000 r--s 0002a000 08:02 6830399                    /home/jack/bin/Sencha/Cmd/5.0.3.324/lib/commons-io-2.4.jar
7f35e223d000-7f35e223f000 r--s 0000c000 08:02 6830396                    /home/jack/bin/Sencha/Cmd/5.0.3.324/lib/args4j-2.0.16.jar
7f35e223f000-7f35e2240000 r--s 00004000 08:02 6830646                    /home/jack/bin/Sencha/Cmd/5.0.3.324/lib/ant-launcher-1.8.4.jar
7f35e2240000-7f35e2245000 r--s 00032000 08:02 6830410                    /home/jack/bin/Sencha/Cmd/5.0.3.324/lib/ant-contrib-1.0b3.jar
7f35e2245000-7f35e2248000 r--s 00017000 08:01 1354386                    /usr/lib/jvm/java-7-openjdk/jre/lib/jce.jar
7f35e2248000-7f35e224d000 r--s 0004c000 08:01 1354390                    /usr/lib/jvm/java-7-openjdk/jre/lib/jsse.jar
7f35e224d000-7f35e2265000 rw-p 00000000 00:00 0 
7f35e2265000-7f35e226d000 rw-s 00000000 00:1e 43955184                   /tmp/hsperfdata_jack/30087
7f35e226d000-7f35e226e000 rw-p 00000000 00:00 0 
7f35e226e000-7f35e226f000 ---p 00000000 00:00 0 
7f35e226f000-7f35e2270000 rw-p 00000000 00:00 0 
7f35e2270000-7f35e2271000 r--p 00021000 08:01 1328134                    /usr/lib/ld-2.20.so
7f35e2271000-7f35e2272000 rw-p 00022000 08:01 1328134                    /usr/lib/ld-2.20.so
7f35e2272000-7f35e2273000 rw-p 00000000 00:00 0 
7fffab0cd000-7fffab0ee000 rw-p 00000000 00:00 0                          [stack]
7fffab1d5000-7fffab1d7000 r-xp 00000000 00:00 0                          [vdso]
7fffab1d7000-7fffab1d9000 r--p 00000000 00:00 0                          [vvar]
ffffffffff600000-ffffffffff601000 r-xp 00000000 00:00 0                  [vsyscall]

VM Arguments:
jvm_args: -Xms128m -Xmx1024m -Dapple.awt.UIElement=true 
java_command: /home/jack/bin/Sencha/Cmd/5.0.3.324/sencha.jar -d app build native
Launcher Type: SUN_STANDARD

Environment Variables:
JAVA_HOME=/usr/lib/jvm/default
CLASSPATH=/home/jack/GNUstep/Library/Libraries/Java:/usr/lib/GNUstep/Libraries/Java
PATH=/home/jack/bin/Sencha/Cmd/5.0.3.324:/home/jack/bin/Sencha/Cmd/4.0.4.84:/home/jack/bin/Sencha/Cmd/5.0.1.231:/tmp/yaourt-tmp-jack/aur-sencha-cmd/pkg/sencha-cmd/opt/Sencha/Cmd/5.0.1.231:/home/jack/bin:/home/jack/bin/Sencha/Cmd/4.0.0.203:/tmp/yaourt-tmp-jack/aur-sencha-sdk-tools/pkg/sencha-sdk-tools/opt/Sencha/SDKTools:/home/jack/bin/Sencha/Cmd/5.0.3.324:/home/jack/bin/Sencha/Cmd/4.0.4.84:/home/jack/bin/Sencha/Cmd/5.0.1.231:/tmp/yaourt-tmp-jack/aur-sencha-cmd/pkg/sencha-cmd/opt/Sencha/Cmd/5.0.1.231:/home/jack/.rvm/gems/ruby-1.9.3-p484/bin:/home/jack/.rvm/gems/ruby-1.9.3-p484@global/bin:/home/jack/.rvm/rubies/ruby-1.9.3-p484/bin:/home/jack/bin/Sencha/Cmd/4.0.0.203:/tmp/yaourt-tmp-jack/aur-sencha-sdk-tools/pkg/sencha-sdk-tools/opt/Sencha/SDKTools:/home/jack/.gem/ruby/2.0.0/bin:/home/jack/.cabal/bin:/opt/instantclient:/home/jack/GNUstep/Tools:/usr/local/sbin:/usr/local/bin:/usr/bin:/opt/android-sdk/platform-tools:/opt/android-sdk/tools:/opt/grass/bin:/opt/grass/scripts:/opt/maven/bin:/usr/bin/vendor_perl:/usr/bin/core_perl:/home/jack/.rvm/bin:/home/jack/.rvm/bin
LD_LIBRARY_PATH=/opt/instantclient
SHELL=/bin/bash
DISPLAY=:0.0

Signal Handlers:
SIGSEGV: [libjvm.so+0x97c220], sa_mask[0]=0x7ffbfeff, sa_flags=0x10000004
SIGBUS: [libjvm.so+0x97c220], sa_mask[0]=0x7ffbfeff, sa_flags=0x10000004
SIGFPE: [libjvm.so+0x7eab60], sa_mask[0]=0x7ffbfeff, sa_flags=0x10000004
SIGPIPE: [libjvm.so+0x7eab60], sa_mask[0]=0x7ffbfeff, sa_flags=0x10000004
SIGXFSZ: [libjvm.so+0x7eab60], sa_mask[0]=0x7ffbfeff, sa_flags=0x10000004
SIGILL: [libjvm.so+0x7eab60], sa_mask[0]=0x7ffbfeff, sa_flags=0x10000004
SIGUSR1: SIG_DFL, sa_mask[0]=0x00000000, sa_flags=0x00000000
SIGUSR2: [libjvm.so+0x7ea9e0], sa_mask[0]=0x00000000, sa_flags=0x10000004
SIGHUP: [libjvm.so+0x7eabe0], sa_mask[0]=0x7ffbfeff, sa_flags=0x10000004
SIGINT: [libjvm.so+0x7eabe0], sa_mask[0]=0x7ffbfeff, sa_flags=0x10000004
SIGTERM: [libjvm.so+0x7eabe0], sa_mask[0]=0x7ffbfeff, sa_flags=0x10000004
SIGQUIT: [libjvm.so+0x7eabe0], sa_mask[0]=0x7ffbfeff, sa_flags=0x10000004
SIGTRAP: SIG_DFL, sa_mask[0]=0x00000000, sa_flags=0x00000000


---------------  S Y S T E M  ---------------

OS:Linux
uname:Linux 3.16.3-1-ARCH #1 SMP PREEMPT Wed Sep 17 21:54:13 CEST 2014 x86_64
libc:glibc 2.20 NPTL 2.20 
rlimit: STACK 8192k, CORE 0k, NPROC 15260, NOFILE 4096, AS infinity
load average:17.02 8.47 3.88

/proc/meminfo:
MemTotal:        3912008 kB
MemFree:          109436 kB
MemAvailable:      70660 kB
Buffers:             756 kB
Cached:           205704 kB
SwapCached:            0 kB
Active:          3329612 kB
Inactive:         129468 kB
Active(anon):    3305928 kB
Inactive(anon):    95624 kB
Active(file):      23684 kB
Inactive(file):    33844 kB
Unevictable:       15324 kB
Mlocked:           15324 kB
SwapTotal:             0 kB
SwapFree:              0 kB
Dirty:               412 kB
Writeback:           376 kB
AnonPages:       3268416 kB
Mapped:           135472 kB
Shmem:            142576 kB
Slab:              70664 kB
SReclaimable:      33864 kB
SUnreclaim:        36800 kB
KernelStack:        8528 kB
PageTables:        43096 kB
NFS_Unstable:          0 kB
Bounce:                0 kB
WritebackTmp:          0 kB
CommitLimit:     1956004 kB
Committed_AS:    7009316 kB
VmallocTotal:   34359738367 kB
VmallocUsed:      299580 kB
VmallocChunk:   34359357436 kB
HardwareCorrupted:     0 kB
AnonHugePages:    849920 kB
HugePages_Total:       0
HugePages_Free:        0
HugePages_Rsvd:        0
HugePages_Surp:        0
Hugepagesize:       2048 kB
DirectMap4k:       89032 kB
DirectMap2M:     3962880 kB


CPU:total 4 (2 cores per cpu, 2 threads per core) family 6 model 37 stepping 5, cmov, cx8, fxsr, mmx, sse, sse2, sse3, ssse3, sse4.1, sse4.2, popcnt, ht, tsc, tscinvbit

/proc/cpuinfo:
processor	: 0
vendor_id	: GenuineIntel
cpu family	: 6
model		: 37
model name	: Intel(R) Core(TM) i3 CPU       M 370  @ 2.40GHz
stepping	: 5
microcode	: 0x2
cpu MHz		: 933.000
cache size	: 3072 KB
physical id	: 0
siblings	: 4
core id		: 0
cpu cores	: 2
apicid		: 0
initial apicid	: 0
fpu		: yes
fpu_exception	: yes
cpuid level	: 11
wp		: yes
flags		: fpu vme de pse tsc msr pae mce cx8 apic sep mtrr pge mca cmov pat pse36 clflush dts acpi mmx fxsr sse sse2 ss ht tm pbe syscall nx rdtscp lm constant_tsc arch_perfmon pebs bts rep_good nopl xtopology nonstop_tsc aperfmperf pni dtes64 monitor ds_cpl vmx est tm2 ssse3 cx16 xtpr pdcm pcid sse4_1 sse4_2 popcnt lahf_lm arat dtherm tpr_shadow vnmi flexpriority ept vpid
bogomips	: 4789.48
clflush size	: 64
cache_alignment	: 64
address sizes	: 36 bits physical, 48 bits virtual
power management:

processor	: 1
vendor_id	: GenuineIntel
cpu family	: 6
model		: 37
model name	: Intel(R) Core(TM) i3 CPU       M 370  @ 2.40GHz
stepping	: 5
microcode	: 0x2
cpu MHz		: 933.000
cache size	: 3072 KB
physical id	: 0
siblings	: 4
core id		: 2
cpu cores	: 2
apicid		: 4
initial apicid	: 4
fpu		: yes
fpu_exception	: yes
cpuid level	: 11
wp		: yes
flags		: fpu vme de pse tsc msr pae mce cx8 apic sep mtrr pge mca cmov pat pse36 clflush dts acpi mmx fxsr sse sse2 ss ht tm pbe syscall nx rdtscp lm constant_tsc arch_perfmon pebs bts rep_good nopl xtopology nonstop_tsc aperfmperf pni dtes64 monitor ds_cpl vmx est tm2 ssse3 cx16 xtpr pdcm pcid sse4_1 sse4_2 popcnt lahf_lm arat dtherm tpr_shadow vnmi flexpriority ept vpid
bogomips	: 4789.48
clflush size	: 64
cache_alignment	: 64
address sizes	: 36 bits physical, 48 bits virtual
power management:

processor	: 2
vendor_id	: GenuineIntel
cpu family	: 6
model		: 37
model name	: Intel(R) Core(TM) i3 CPU       M 370  @ 2.40GHz
stepping	: 5
microcode	: 0x2
cpu MHz		: 933.000
cache size	: 3072 KB
physical id	: 0
siblings	: 4
core id		: 0
cpu cores	: 2
apicid		: 1
initial apicid	: 1
fpu		: yes
fpu_exception	: yes
cpuid level	: 11
wp		: yes
flags		: fpu vme de pse tsc msr pae mce cx8 apic sep mtrr pge mca cmov pat pse36 clflush dts acpi mmx fxsr sse sse2 ss ht tm pbe syscall nx rdtscp lm constant_tsc arch_perfmon pebs bts rep_good nopl xtopology nonstop_tsc aperfmperf pni dtes64 monitor ds_cpl vmx est tm2 ssse3 cx16 xtpr pdcm pcid sse4_1 sse4_2 popcnt lahf_lm arat dtherm tpr_shadow vnmi flexpriority ept vpid
bogomips	: 4789.48
clflush size	: 64
cache_alignment	: 64
address sizes	: 36 bits physical, 48 bits virtual
power management:

processor	: 3
vendor_id	: GenuineIntel
cpu family	: 6
model		: 37
model name	: Intel(R) Core(TM) i3 CPU       M 370  @ 2.40GHz
stepping	: 5
microcode	: 0x2
cpu MHz		: 933.000
cache size	: 3072 KB
physical id	: 0
siblings	: 4
core id		: 2
cpu cores	: 2
apicid		: 5
initial apicid	: 5
fpu		: yes
fpu_exception	: yes
cpuid level	: 11
wp		: yes
flags		: fpu vme de pse tsc msr pae mce cx8 apic sep mtrr pge mca cmov pat pse36 clflush dts acpi mmx fxsr sse sse2 ss ht tm pbe syscall nx rdtscp lm constant_tsc arch_perfmon pebs bts rep_good nopl xtopology nonstop_tsc aperfmperf pni dtes64 monitor ds_cpl vmx est tm2 ssse3 cx16 xtpr pdcm pcid sse4_1 sse4_2 popcnt lahf_lm arat dtherm tpr_shadow vnmi flexpriority ept vpid
bogomips	: 4789.48
clflush size	: 64
cache_alignment	: 64
address sizes	: 36 bits physical, 48 bits virtual
power management:



Memory: 4k page, physical 3912008k(109436k free), swap 0k(0k free)

vm_info: OpenJDK 64-Bit Server VM (24.65-b04) for linux-amd64 JRE (1.7.0_65-b32), built on Sep 15 2014 19:56:21 by "nobody" with gcc 4.9.1

time: Wed Nov 19 09:36:07 2014
elapsed time: 228 seconds

